05-Jul-2021 21:41:28.586 INFORMATION [main] org.apache.catalina.startup.VersionLoggerListener.log Server Version:        Apache Tomcat/10.0.7
05-Jul-2021 21:41:28.588 INFORMATION [main] org.apache.catalina.startup.VersionLoggerListener.log Server built:          Jun 8 2021 16:31:06 UTC
05-Jul-2021 21:41:28.588 INFORMATION [main] org.apache.catalina.startup.VersionLoggerListener.log Server version number: 10.0.7.0
05-Jul-2021 21:41:28.588 INFORMATION [main] org.apache.catalina.startup.VersionLoggerListener.log OS Name:               Windows 10
05-Jul-2021 21:41:28.588 INFORMATION [main] org.apache.catalina.startup.VersionLoggerListener.log OS Version:            10.0
05-Jul-2021 21:41:28.588 INFORMATION [main] org.apache.catalina.startup.VersionLoggerListener.log Architektur:           amd64
05-Jul-2021 21:41:28.589 INFORMATION [main] org.apache.catalina.startup.VersionLoggerListener.log Java Home:             C:\Program Files\AdoptOpenJDK\jdk-11.0.11.9-hotspot
05-Jul-2021 21:41:28.589 INFORMATION [main] org.apache.catalina.startup.VersionLoggerListener.log JVM Version:           11.0.11+9
05-Jul-2021 21:41:28.589 INFORMATION [main] org.apache.catalina.startup.VersionLoggerListener.log JVM Hersteller:        AdoptOpenJDK
05-Jul-2021 21:41:28.589 INFORMATION [main] org.apache.catalina.startup.VersionLoggerListener.log CATALINA_BASE:         D:\vs\KIB-VS_SoSe21_Gruppe2\web\apache-tomcat-10.0.7
05-Jul-2021 21:41:28.589 INFORMATION [main] org.apache.catalina.startup.VersionLoggerListener.log CATALINA_HOME:         D:\vs\KIB-VS_SoSe21_Gruppe2\web\apache-tomcat-10.0.7
05-Jul-2021 21:41:28.596 INFORMATION [main] org.apache.catalina.startup.VersionLoggerListener.log Command line argument: --add-opens=java.base/java.lang=ALL-UNNAMED
05-Jul-2021 21:41:28.596 INFORMATION [main] org.apache.catalina.startup.VersionLoggerListener.log Command line argument: --add-opens=java.base/java.io=ALL-UNNAMED
05-Jul-2021 21:41:28.597 INFORMATION [main] org.apache.catalina.startup.VersionLoggerListener.log Command line argument: --add-opens=java.base/java.util=ALL-UNNAMED
05-Jul-2021 21:41:28.598 INFORMATION [main] org.apache.catalina.startup.VersionLoggerListener.log Command line argument: --add-opens=java.base/java.util.concurrent=ALL-UNNAMED
05-Jul-2021 21:41:28.598 INFORMATION [main] org.apache.catalina.startup.VersionLoggerListener.log Command line argument: --add-opens=java.rmi/sun.rmi.transport=ALL-UNNAMED
05-Jul-2021 21:41:28.599 INFORMATION [main] org.apache.catalina.startup.VersionLoggerListener.log Command line argument: -Djava.util.logging.config.file=D:\vs\KIB-VS_SoSe21_Gruppe2\web\apache-tomcat-10.0.7\conf\logging.properties
05-Jul-2021 21:41:28.599 INFORMATION [main] org.apache.catalina.startup.VersionLoggerListener.log Command line argument: -Djava.util.logging.manager=org.apache.juli.ClassLoaderLogManager
05-Jul-2021 21:41:28.599 INFORMATION [main] org.apache.catalina.startup.VersionLoggerListener.log Command line argument: -Djdk.tls.ephemeralDHKeySize=2048
05-Jul-2021 21:41:28.599 INFORMATION [main] org.apache.catalina.startup.VersionLoggerListener.log Command line argument: -Djava.protocol.handler.pkgs=org.apache.catalina.webresources
05-Jul-2021 21:41:28.600 INFORMATION [main] org.apache.catalina.startup.VersionLoggerListener.log Command line argument: -Dignore.endorsed.dirs=
05-Jul-2021 21:41:28.600 INFORMATION [main] org.apache.catalina.startup.VersionLoggerListener.log Command line argument: -Dcatalina.base=D:\vs\KIB-VS_SoSe21_Gruppe2\web\apache-tomcat-10.0.7
05-Jul-2021 21:41:28.600 INFORMATION [main] org.apache.catalina.startup.VersionLoggerListener.log Command line argument: -Dcatalina.home=D:\vs\KIB-VS_SoSe21_Gruppe2\web\apache-tomcat-10.0.7
05-Jul-2021 21:41:28.601 INFORMATION [main] org.apache.catalina.startup.VersionLoggerListener.log Command line argument: -Djava.io.tmpdir=D:\vs\KIB-VS_SoSe21_Gruppe2\web\apache-tomcat-10.0.7\temp
05-Jul-2021 21:41:28.604 INFORMATION [main] org.apache.catalina.core.AprLifecycleListener.lifecycleEvent The Apache Tomcat Native library which allows using OpenSSL was not found on the java.library.path: [C:\Program Files\AdoptOpenJDK\jdk-11.0.11.9-hotspot\bin;C:\Windows\Sun\Java\bin;C:\Windows\system32;C:\Windows;C:\ProgramFiles\AdoptOpenJDK\jdk-16.0.1.9-hotspot\bin;C:\ProgramFiles\AdoptOpenJDK\jdk-11.0.11.9-hotspot\bin;C:\ProgramFiles (x86)\Common Files\Oracle\Java\javapath;C:\Program Files (x86)\Razer\ChromaBroadcast\bin;C:\Program Files\Razer\ChromaBroadcast\bin;C:\Program Files (x86)\Razer Chroma SDK\bin;C:\Program Files\Razer Chroma SDK\bin;C:\Windows\system32;C:\Windows;C:\Windows\System32\Wbem;C:\Windows\System32\WindowsPowerShell\v1.0\;C:\Windows\System32\OpenSSH\;C:\Program Files (x86)\NVIDIA Corporation\PhysX\Common;C:\Program Files\NVIDIA Corporation\NVIDIA NvDLISR;C:\Users\Nils\AppData\Local\Microsoft\WindowsApps;C:\jdk-15.0.2\bin;C:\jdk11\bin;C:\Windows\system32\config\systemprofile\AppData\Local\Microsoft\WindowsApps;C:\msys64\mingw64\bin;C:\Program Files (x86)\STMicroelectronics\STM32 ST-LINK Utility\ST-LINK Utility;D:\tortoise\bin;C:\Program Files\Git\cmd;C:\Program Files\Apache Software Foundation\Tomcat 10.0\bin;C:\Users\Nils\AppData\Local\Microsoft\WindowsApps;C:\Users\Nils\AppData\Local\GitHubDesktop\bin\github;C:\Users\Nils\AppData\Local\Programs\Microsoft VS Code\bin;C:\javafx-sdk-11.0.2\bin;C:\Program Files\AdoptOpenJDK\jdk-11.0.11.9-hotspot\bin;;.]
05-Jul-2021 21:41:28.763 INFORMATION [main] org.apache.coyote.AbstractProtocol.init Initialisiere ProtocolHandler["http-nio-8080"]
05-Jul-2021 21:41:28.777 INFORMATION [main] org.apache.catalina.startup.Catalina.load Server initialization in [305] milliseconds
05-Jul-2021 21:41:28.807 INFORMATION [main] org.apache.catalina.core.StandardService.startInternal Starting service [Catalina]
05-Jul-2021 21:41:28.807 INFORMATION [main] org.apache.catalina.core.StandardEngine.startInternal Starting Servlet engine: [Apache Tomcat/10.0.7]
05-Jul-2021 21:41:28.813 INFORMATION [main] org.apache.catalina.startup.HostConfig.deployDirectory Deploye Web-Applikations-Verzeichnis [D:\vs\KIB-VS_SoSe21_Gruppe2\web\apache-tomcat-10.0.7\webapps\docs]
05-Jul-2021 21:41:29.017 INFORMATION [main] org.apache.catalina.startup.HostConfig.deployDirectory Deployment of web application directory [D:\vs\KIB-VS_SoSe21_Gruppe2\web\apache-tomcat-10.0.7\webapps\docs] has finished in [203] ms
05-Jul-2021 21:41:29.017 INFORMATION [main] org.apache.catalina.startup.HostConfig.deployDirectory Deploye Web-Applikations-Verzeichnis [D:\vs\KIB-VS_SoSe21_Gruppe2\web\apache-tomcat-10.0.7\webapps\examples]
05-Jul-2021 21:41:29.426 INFORMATION [main] org.apache.catalina.startup.HostConfig.deployDirectory Deployment of web application directory [D:\vs\KIB-VS_SoSe21_Gruppe2\web\apache-tomcat-10.0.7\webapps\examples] has finished in [409] ms
05-Jul-2021 21:41:29.427 INFORMATION [main] org.apache.catalina.startup.HostConfig.deployDirectory Deploye Web-Applikations-Verzeichnis [D:\vs\KIB-VS_SoSe21_Gruppe2\web\apache-tomcat-10.0.7\webapps\host-manager]
05-Jul-2021 21:41:29.452 INFORMATION [main] org.apache.catalina.startup.HostConfig.deployDirectory Deployment of web application directory [D:\vs\KIB-VS_SoSe21_Gruppe2\web\apache-tomcat-10.0.7\webapps\host-manager] has finished in [25] ms
05-Jul-2021 21:41:29.453 INFORMATION [main] org.apache.catalina.startup.HostConfig.deployDirectory Deploye Web-Applikations-Verzeichnis [D:\vs\KIB-VS_SoSe21_Gruppe2\web\apache-tomcat-10.0.7\webapps\manager]
05-Jul-2021 21:41:29.474 INFORMATION [main] org.apache.catalina.startup.HostConfig.deployDirectory Deployment of web application directory [D:\vs\KIB-VS_SoSe21_Gruppe2\web\apache-tomcat-10.0.7\webapps\manager] has finished in [21] ms
05-Jul-2021 21:41:29.474 INFORMATION [main] org.apache.catalina.startup.HostConfig.deployDirectory Deploye Web-Applikations-Verzeichnis [D:\vs\KIB-VS_SoSe21_Gruppe2\web\apache-tomcat-10.0.7\webapps\ROOT]
05-Jul-2021 21:41:29.488 INFORMATION [main] org.apache.catalina.startup.HostConfig.deployDirectory Deployment of web application directory [D:\vs\KIB-VS_SoSe21_Gruppe2\web\apache-tomcat-10.0.7\webapps\ROOT] has finished in [14] ms
05-Jul-2021 21:41:29.491 INFORMATION [main] org.apache.coyote.AbstractProtocol.start Starting ProtocolHandler ["http-nio-8080"]
05-Jul-2021 21:41:29.554 INFORMATION [main] org.apache.catalina.startup.Catalina.start Server startup in [777] milliseconds
